2023/11/07 15:30:37 이전에 저장된 데이터를 불러오는 중...
2023/11/07 15:30:37 users 저장된 데이터 불러오기 성공.
2023/11/07 15:30:37 spaces 저장된 데이터 불러오기 성공.
2023/11/07 15:30:37 80 포트에서 요청을 기다리는 중...
2023/11/07 15:31:59 서버를 중지하는 중...
2023/11/07 15:32:00 이전에 저장된 데이터를 불러오는 중...
2023/11/07 15:32:00 users 저장된 데이터 불러오기 성공.
2023/11/07 15:32:00 spaces 저장된 데이터 불러오기 성공.
2023/11/07 15:32:00 80 포트에서 요청을 기다리는 중...
2023/11/07 15:32:09 서버를 중지하는 중...
2023/11/07 15:33:41 이전에 저장된 데이터를 불러오는 중...
2023/11/07 15:33:41 users 저장된 데이터 불러오기 성공.
2023/11/07 15:33:41 spaces 저장된 데이터 불러오기 성공.
2023/11/07 15:33:41 80 포트에서 요청을 기다리는 중...
2023/11/07 15:33:43 [  ]
2023/11/07 15:33:44 [space  ]
2023/11/07 15:33:44 [error  ]
2023/11/07 15:33:44 [assets error style.css  ]
2023/11/07 15:33:45 [  ]
2023/11/07 15:33:45 [host  ]
2023/11/07 15:33:45 [assets host.css  ]
2023/11/07 15:33:53 [space create  ]
2023/11/07 15:33:53 [space  ]
2023/11/07 15:33:53 [space u780  ]
2023/11/07 15:34:12 [space u7802  ]
2023/11/07 15:34:12 [error  ]
2023/11/07 15:34:12 [assets error style.css  ]
2023/11/07 15:34:14 [  ]
2023/11/07 15:34:15 [space  ]
2023/11/07 15:34:15 [space u780  ]
2023/11/07 15:34:15 [assets error style.css  ]
2023/11/07 15:34:17 [space   ]
2023/11/07 15:34:17 [space u780  ]
2023/11/07 15:39:56 [space u780   ]
2023/11/07 15:39:56 getcookie_err=http: named cookie not present
2023/11/07 15:39:56 [space u780   ]
2023/11/07 15:39:56 getcookie_err=http: named cookie not present
2023/11/07 15:39:56 [space u780   ]
2023/11/07 15:39:56 getcookie_err=http: named cookie not present
2023/11/07 15:39:56 [space u780   ]
2023/11/07 15:39:56 getcookie_err=http: named cookie not present
2023/11/07 15:39:57 [space u780   ]
2023/11/07 15:39:57 getcookie_err=http: named cookie not present
2023/11/07 15:39:57 [space u780   ]
2023/11/07 15:39:57 getcookie_err=http: named cookie not present
2023/11/07 15:39:57 [space u780   ]
2023/11/07 15:39:57 getcookie_err=http: named cookie not present
2023/11/07 15:39:57 [space u780   ]
2023/11/07 15:39:57 getcookie_err=http: named cookie not present
2023/11/07 15:39:57 [space u780   ]
2023/11/07 15:39:57 getcookie_err=http: named cookie not present
2023/11/07 15:39:58 [space u780   ]
2023/11/07 15:39:58 getcookie_err=http: named cookie not present
2023/11/07 15:39:58 [space u780   ]
2023/11/07 15:39:58 getcookie_err=http: named cookie not present
2023/11/07 15:39:58 [space u780   ]
2023/11/07 15:39:58 getcookie_err=http: named cookie not present
2023/11/07 15:39:58 [space u780   ]
2023/11/07 15:39:58 getcookie_err=http: named cookie not present
2023/11/07 15:39:59 [space u780   ]
2023/11/07 15:39:59 getcookie_err=http: named cookie not present
2023/11/07 15:39:59 [space u780   ]
2023/11/07 15:39:59 getcookie_err=http: named cookie not present
2023/11/07 15:39:59 [space u780   ]
2023/11/07 15:39:59 getcookie_err=http: named cookie not present
2023/11/07 15:39:59 [space u780   ]
2023/11/07 15:39:59 getcookie_err=http: named cookie not present
2023/11/07 15:39:59 [space u780   ]
2023/11/07 15:39:59 getcookie_err=http: named cookie not present
2023/11/07 15:40:00 [space u780   ]
2023/11/07 15:40:00 getcookie_err=http: named cookie not present
2023/11/07 15:40:00 [space u780   ]
2023/11/07 15:40:00 getcookie_err=http: named cookie not present
2023/11/07 15:40:00 [space u780   ]
2023/11/07 15:40:00 getcookie_err=http: named cookie not present
2023/11/07 15:40:00 [space u780   ]
2023/11/07 15:40:00 getcookie_err=http: named cookie not present
2023/11/07 15:40:00 [space u780   ]
2023/11/07 15:40:00 getcookie_err=http: named cookie not present
2023/11/07 15:40:01 [space u780   ]
2023/11/07 15:40:01 getcookie_err=http: named cookie not present
2023/11/07 15:40:01 [space u780   ]
2023/11/07 15:40:01 getcookie_err=http: named cookie not present
2023/11/07 15:40:01 [space u780   ]
2023/11/07 15:40:01 getcookie_err=http: named cookie not present
2023/11/07 15:40:01 [space u780   ]
2023/11/07 15:40:01 getcookie_err=http: named cookie not present
2023/11/07 15:40:01 [space u780   ]
2023/11/07 15:40:01 getcookie_err=http: named cookie not present
2023/11/07 15:40:02 [space u780   ]
2023/11/07 15:40:02 getcookie_err=http: named cookie not present
2023/11/07 15:40:02 [space u780   ]
2023/11/07 15:40:02 getcookie_err=http: named cookie not present
2023/11/07 15:40:02 [space u780   ]
2023/11/07 15:40:02 getcookie_err=http: named cookie not present
2023/11/07 15:40:02 [space u780   ]
2023/11/07 15:40:02 getcookie_err=http: named cookie not present
2023/11/07 15:40:02 [space u780   ]
2023/11/07 15:40:02 getcookie_err=http: named cookie not present
2023/11/07 15:40:03 [space u780   ]
2023/11/07 15:40:03 getcookie_err=http: named cookie not present
2023/11/07 15:40:03 [space u780   ]
2023/11/07 15:40:03 getcookie_err=http: named cookie not present
2023/11/07 15:40:03 [space u780   ]
2023/11/07 15:40:03 getcookie_err=http: named cookie not present
2023/11/07 15:40:03 [space u780   ]
2023/11/07 15:40:03 getcookie_err=http: named cookie not present
2023/11/07 15:40:03 [space u780   ]
2023/11/07 15:40:03 getcookie_err=http: named cookie not present
2023/11/07 15:40:04 [space u780   ]
2023/11/07 15:40:04 getcookie_err=http: named cookie not present
2023/11/07 15:40:04 [space u780   ]
2023/11/07 15:40:04 getcookie_err=http: named cookie not present
2023/11/07 15:40:04 [space u780   ]
2023/11/07 15:40:04 getcookie_err=http: named cookie not present
2023/11/07 15:40:04 [space u780   ]
2023/11/07 15:40:04 getcookie_err=http: named cookie not present
2023/11/07 15:40:05 [space u780   ]
2023/11/07 15:40:05 getcookie_err=http: named cookie not present
2023/11/07 15:40:05 [space u780   ]
2023/11/07 15:40:05 getcookie_err=http: named cookie not present
2023/11/07 15:40:05 [space u780   ]
2023/11/07 15:40:05 getcookie_err=http: named cookie not present
2023/11/07 15:40:05 [space u780   ]
2023/11/07 15:40:05 getcookie_err=http: named cookie not present
2023/11/07 15:40:05 [space u780   ]
2023/11/07 15:40:05 getcookie_err=http: named cookie not present
2023/11/07 15:40:06 [space u780   ]
2023/11/07 15:40:06 getcookie_err=http: named cookie not present
2023/11/07 15:40:06 [space u780   ]
2023/11/07 15:40:06 getcookie_err=http: named cookie not present
2023/11/07 15:40:06 [space u780   ]
2023/11/07 15:40:06 getcookie_err=http: named cookie not present
2023/11/07 15:40:06 [space u780   ]
2023/11/07 15:40:06 getcookie_err=http: named cookie not present
2023/11/07 15:40:06 [space u780   ]
2023/11/07 15:40:06 getcookie_err=http: named cookie not present
2023/11/07 15:40:07 [space u780   ]
2023/11/07 15:40:07 getcookie_err=http: named cookie not present
2023/11/07 15:40:07 [space u780   ]
2023/11/07 15:40:07 getcookie_err=http: named cookie not present
2023/11/07 15:40:07 [space u780   ]
2023/11/07 15:40:07 getcookie_err=http: named cookie not present
2023/11/07 15:40:07 [space u780   ]
2023/11/07 15:40:07 getcookie_err=http: named cookie not present
2023/11/07 15:40:07 [space u780   ]
2023/11/07 15:40:07 getcookie_err=http: named cookie not present
2023/11/07 15:40:08 [space u780   ]
2023/11/07 15:40:08 getcookie_err=http: named cookie not present
2023/11/07 15:40:08 [space u780   ]
2023/11/07 15:40:08 getcookie_err=http: named cookie not present
2023/11/07 15:40:08 [space u780   ]
2023/11/07 15:40:08 getcookie_err=http: named cookie not present
2023/11/07 15:40:08 [space u780   ]
2023/11/07 15:40:08 getcookie_err=http: named cookie not present
2023/11/07 15:40:08 [space u780   ]
2023/11/07 15:40:08 getcookie_err=http: named cookie not present
2023/11/07 15:40:09 [space u780   ]
2023/11/07 15:40:09 getcookie_err=http: named cookie not present
2023/11/07 15:40:35 [assets space_content.html  ]
2023/11/07 15:40:35 [assets assets error style.css  ]
2023/11/07 15:40:41 [assets ajax.html  ]
2023/11/07 15:40:41 [space u780   ]
2023/11/07 15:40:45 [assets ajax.html  ]
2023/11/07 15:40:45 [space u780   ]
2023/11/07 15:40:53 [assets ajax.html  ]
2023/11/07 15:40:53 [space u780   ]
2023/11/07 15:41:25 [assets ajax.html  ]
2023/11/07 15:41:25 [space u780   ]
2023/11/07 15:41:30 [assets ajax.html  ]
2023/11/07 15:41:30 [space u780   ]
2023/11/07 15:42:36 [assets ajax.html  ]
2023/11/07 15:42:36 [space u780  ]
2023/11/07 15:42:37 [assets ajax.html  ]
2023/11/07 15:42:37 [space u780  ]
2023/11/07 15:42:48 [assets ajax.html  ]
2023/11/07 15:42:48 [space u780   ]
2023/11/07 15:43:20 [  ]
2023/11/07 15:43:24 [space u780   ]
2023/11/07 15:43:50 [space u780   ]
2023/11/07 15:43:51 [assets ajax.html  ]
2023/11/07 15:43:51 [space u780   ]
2023/11/07 15:49:47 서버를 중지하는 중...
2023/11/07 20:46:45 이전에 저장된 데이터를 불러오는 중...
2023/11/07 20:46:45 users 저장된 데이터 불러오기 성공.
2023/11/07 20:46:45 spaces 저장된 데이터 불러오기 성공.
2023/11/07 20:46:45 80 포트에서 요청을 기다리는 중...
2023/11/07 20:46:47 [  ]
2023/11/07 20:46:49 [space  ]
2023/11/07 20:46:49 [space u780  ]
2023/11/07 20:46:49 [assets error style.css  ]
2023/11/07 20:46:51 [space u780111213  ]
2023/11/07 20:46:51 [error  ]
2023/11/07 20:52:35 서버를 중지하는 중...
2023/11/07 21:08:07 이전에 저장된 데이터를 불러오는 중...
2023/11/07 21:08:07 users 저장된 데이터 불러오기 성공.
2023/11/07 21:08:07 spaces 저장된 데이터 불러오기 성공.
2023/11/07 21:08:07 80 포트에서 요청을 기다리는 중...
2023/11/07 21:08:08 [  ]
2023/11/07 21:08:10 [host  ]
2023/11/07 21:08:10 [assets host.css  ]
2023/11/07 21:08:15 [space create  ]
2023/11/07 21:08:15 [space  ]
2023/11/07 21:08:15 [space j147  ]
2023/11/07 21:08:29 서버를 중지하는 중...
2023/11/08 09:58:54 이전에 저장된 데이터를 불러오는 중...
2023/11/08 09:58:54 users 저장된 데이터 불러오기 성공.
2023/11/08 09:58:54 spaces 저장된 데이터 불러오기 성공.
2023/11/08 09:58:54 80 포트에서 요청을 기다리는 중...
2023/11/08 09:59:10 [  ]
2023/11/08 09:59:12 [  ]
2023/11/08 09:59:12 [  ]
2023/11/08 09:59:15 [space  ]
2023/11/08 09:59:15 getcookie_err=http: named cookie not present
2023/11/08 09:59:15 [error  ]
2023/11/08 09:59:15 [assets error style.css  ]
2023/11/08 09:59:16 [  ]
2023/11/08 09:59:23 [host  ]
2023/11/08 09:59:23 [assets host.css  ]
2023/11/08 09:59:32 [space create  ]
2023/11/08 09:59:32 [space  ]
2023/11/08 09:59:32 [space d985  ]
2023/11/08 11:54:23 서버를 중지하는 중...
2023/11/08 12:53:14 이전에 저장된 데이터를 불러오는 중...
2023/11/08 12:53:14 users 저장된 데이터 불러오기 성공.
2023/11/08 12:53:14 spaces 저장된 데이터 불러오기 성공.
2023/11/08 12:53:14 80 포트에서 요청을 기다리는 중...
2023/11/08 12:53:18 [  ]
2023/11/08 12:53:35 [host  ]
2023/11/08 12:53:35 [assets host.css  ]
2023/11/08 12:53:56 
2023/11/08 12:53:56 서버를 중지하는 중...
2023/11/09 12:56:20 이전에 저장된 데이터를 불러오는 중...
2023/11/09 12:56:20 users 저장된 데이터 불러오기 성공.
2023/11/09 12:56:20 spaces 저장된 데이터 불러오기 성공.
2023/11/09 12:56:20 80 포트에서 요청을 기다리는 중...
2023/11/09 13:02:28 [  ]
2023/11/09 13:02:28 [favicon.ico  ]
2023/11/09 13:02:32 [space  ]
2023/11/09 13:02:32 getcookie_err=http: named cookie not present
2023/11/09 13:02:32 [error  ]
2023/11/09 13:02:32 [assets error style.css  ]
2023/11/09 13:02:33 [  ]
2023/11/09 13:02:33 [favicon.ico  ]
2023/11/09 13:02:34 [host  ]
2023/11/09 13:02:34 [assets host.css  ]
2023/11/09 13:02:43 [space create  ]
2023/11/09 13:02:43 [space  ]
2023/11/09 13:02:43 [space m594  ]
2023/11/09 13:04:10 서버를 중지하는 중...
2023/11/09 13:22:28 이전에 저장된 데이터를 불러오는 중...
2023/11/09 13:22:28 users 저장된 데이터 불러오기 성공.
2023/11/09 13:22:28 spaces 저장된 데이터 불러오기 성공.
2023/11/09 13:22:28 80 포트에서 요청을 기다리는 중...
2023/11/09 13:23:00 
2023/11/09 13:23:00 서버를 중지하는 중...
2023/11/09 13:23:02 이전에 저장된 데이터를 불러오는 중...
2023/11/09 13:23:02 users 저장된 데이터 불러오기 성공.
2023/11/09 13:23:02 spaces 저장된 데이터 불러오기 성공.
2023/11/09 13:23:02 80 포트에서 요청을 기다리는 중...
2023/11/09 13:23:52 서버를 중지하는 중...
2023/11/09 13:23:54 이전에 저장된 데이터를 불러오는 중...
2023/11/09 13:23:54 users 저장된 데이터 불러오기 성공.
2023/11/09 13:23:54 spaces 저장된 데이터 불러오기 성공.
2023/11/09 13:23:54 80 포트에서 요청을 기다리는 중...
2023/11/09 13:24:10 
2023/11/09 13:24:10 서버를 중지하는 중...
2023/11/09 13:24:11 이전에 저장된 데이터를 불러오는 중...
2023/11/09 13:24:11 users 저장된 데이터 불러오기 성공.
2023/11/09 13:24:11 spaces 저장된 데이터 불러오기 성공.
2023/11/09 13:24:11 80 포트에서 요청을 기다리는 중...
2023/11/09 13:24:14 
2023/11/09 13:24:14 서버를 중지하는 중...
2023/11/09 13:24:23 이전에 저장된 데이터를 불러오는 중...
2023/11/09 13:24:23 users 저장된 데이터 불러오기 성공.
2023/11/09 13:24:23 spaces 저장된 데이터 불러오기 성공.
2023/11/09 13:24:23 80 포트에서 요청을 기다리는 중...
2023/11/09 13:24:31 서버를 중지하는 중...
2023/11/09 13:24:36 이전에 저장된 데이터를 불러오는 중...
2023/11/09 13:24:36 f_users_err OpenFile=open ub_users.data: no such file or directory
2023/11/09 13:24:36 io.ReadAll(file_users)=invalid argument
2023/11/09 13:24:36 json.Unmarshal(user_data, &users)=unexpected end of JSON input
2023/11/09 13:24:36 users 저장된 데이터 불러오기 실패
2023/11/09 13:24:36 f_spaces_err OpenFile=open ub_spaces.data: no such file or directory
2023/11/09 13:24:36 spaces_data, err := io.ReadAll(file_spaces)=invalid argument
2023/11/09 13:24:36 json.Unmarshal(spaces_data, &spaces)=unexpected end of JSON input
2023/11/09 13:24:36 spaces 저장된 데이터 불러오기 실패
2023/11/09 13:24:36 80 포트에서 요청을 기다리는 중...
2023/11/09 13:30:34 서버를 중지하는 중...
2023/11/09 13:30:37 이전에 저장된 데이터를 불러오는 중...
2023/11/09 13:30:37 users 저장된 데이터 불러오기 성공.
2023/11/09 13:30:37 spaces 저장된 데이터 불러오기 성공.
2023/11/09 13:30:37 80 포트에서 요청을 기다리는 중...
2023/11/09 13:42:26 서버를 중지하는 중...
2023/11/09 13:44:20 이전에 저장된 데이터를 불러오는 중...
2023/11/09 13:44:20 users 저장된 데이터 불러오기 성공.
2023/11/09 13:44:20 spaces 저장된 데이터 불러오기 성공.
2023/11/09 13:44:20 80 포트에서 요청을 기다리는 중...
2023/11/09 13:44:21 [  ]
2023/11/09 13:44:21 [favicon.ico  ]
2023/11/09 13:44:22 [guest  ]
2023/11/09 13:44:22 [assets host.css  ]
2023/11/09 13:44:27 [space u780  ]
2023/11/09 13:44:27 [error  ]
2023/11/09 13:44:27 [assets error style.css  ]
2023/11/09 13:44:28 [space u780  ]
2023/11/09 13:44:28 [error  ]
2023/11/09 13:44:28 [assets error style.css  ]
2023/11/09 13:46:04 
2023/11/09 13:46:04 서버를 중지하는 중...
2023/11/09 13:46:06 이전에 저장된 데이터를 불러오는 중...
2023/11/09 13:46:06 users 저장된 데이터 불러오기 성공.
2023/11/09 13:46:06 spaces 저장된 데이터 불러오기 성공.
2023/11/09 13:46:06 80 포트에서 요청을 기다리는 중...
2023/11/09 13:46:07 [assets host.css  ]
2023/11/09 13:46:09 [space  ]
2023/11/09 13:46:09 [guest   ]
2023/11/09 13:46:09 [assets error style.css  ]
2023/11/09 13:46:09 [guest assets host.css  ]
2023/11/09 13:46:10 [space z809  ]
2023/11/09 13:46:10 [error  ]
2023/11/09 13:46:39 
2023/11/09 13:46:39 서버를 중지하는 중...
2023/11/09 13:46:48 이전에 저장된 데이터를 불러오는 중...
2023/11/09 13:46:48 users 저장된 데이터 불러오기 성공.
2023/11/09 13:46:48 spaces 저장된 데이터 불러오기 성공.
2023/11/09 13:46:48 80 포트에서 요청을 기다리는 중...
2023/11/09 13:46:52 [host  ]
2023/11/09 13:46:52 [assets host.css  ]
2023/11/09 13:46:55 [space k671  ]
2023/11/09 13:46:55 [guest k671  ]
2023/11/09 13:46:55 [guest assets host.css  ]
2023/11/09 13:46:55 [space  ]
2023/11/09 13:46:55 [guest   ]
2023/11/09 13:46:55 [guest assets host.css  ]
2023/11/09 13:46:57 [space k671  ]
2023/11/09 13:46:57 [guest k671  ]
2023/11/09 13:46:57 [guest assets host.css  ]
2023/11/09 13:47:01 [guest k6711  ]
2023/11/09 13:47:01 [guest assets host.css  ]
2023/11/09 13:47:02 [guest k671  ]
2023/11/09 13:47:02 [guest assets host.css  ]
2023/11/09 13:47:23 
2023/11/09 13:47:23 서버를 중지하는 중...
2023/11/09 13:47:24 이전에 저장된 데이터를 불러오는 중...
2023/11/09 13:47:24 users 저장된 데이터 불러오기 성공.
2023/11/09 13:47:24 spaces 저장된 데이터 불러오기 성공.
2023/11/09 13:47:24 80 포트에서 요청을 기다리는 중...
2023/11/09 13:47:24 [guest k671  ]
2023/11/09 13:47:24 [assets host.css  ]
2023/11/09 13:47:38 서버를 중지하는 중...
2023/11/09 13:48:06 이전에 저장된 데이터를 불러오는 중...
2023/11/09 13:48:06 users 저장된 데이터 불러오기 성공.
2023/11/09 13:48:06 spaces 저장된 데이터 불러오기 성공.
2023/11/09 13:48:06 80 포트에서 요청을 기다리는 중...
2023/11/09 13:48:06 [guest k67112  ]
2023/11/09 13:48:06 [assets host.css  ]
2023/11/09 13:48:07 [guest k67112  ]
2023/11/09 13:48:07 [assets host.css  ]
2023/11/09 13:55:57 
2023/11/09 13:55:57 서버를 중지하는 중...
2023/11/09 13:56:01 이전에 저장된 데이터를 불러오는 중...
2023/11/09 13:56:01 users 저장된 데이터 불러오기 성공.
2023/11/09 13:56:01 spaces 저장된 데이터 불러오기 성공.
2023/11/09 13:56:01 80 포트에서 요청을 기다리는 중...
2023/11/09 13:56:05 [guest k67112  ]
2023/11/09 13:56:05 [assets host.css  ]
2023/11/09 13:56:07 [guest k6711  ]
2023/11/09 13:56:07 [assets host.css  ]
2023/11/09 13:56:08 [guest k671  ]
2023/11/09 13:56:08 [assets host.css  ]
2023/11/09 13:56:12 [space  ]
2023/11/09 13:56:12 [guest   ]
2023/11/09 13:56:12 [assets host.css  ]
2023/11/09 13:56:22 [space join  ]
2023/11/09 13:56:22 http: superfluous response.WriteHeader call from ub/controller.PostHandler_join_space (PostHandler.go:75)
2023/11/09 13:56:22 [error  ]
2023/11/09 13:56:22 [assets error style.css  ]
2023/11/09 13:56:25 [  ]
2023/11/09 13:56:25 [favicon.ico  ]
2023/11/09 13:56:27 [host  ]
2023/11/09 13:56:27 [assets host.css  ]
2023/11/09 13:56:30 [hosta  ]
2023/11/09 13:56:30 [assets error style.css  ]
2023/11/09 13:57:16 
2023/11/09 13:57:16 서버를 중지하는 중...
2023/11/09 13:57:19 이전에 저장된 데이터를 불러오는 중...
2023/11/09 13:57:19 users 저장된 데이터 불러오기 성공.
2023/11/09 13:57:19 spaces 저장된 데이터 불러오기 성공.
2023/11/09 13:57:19 80 포트에서 요청을 기다리는 중...
2023/11/09 13:57:27 [  ]
2023/11/09 13:57:27 [favicon.ico  ]
2023/11/09 13:57:34 [host  ]
2023/11/09 13:57:34 [assets host.css  ]
2023/11/09 13:57:35 [guest  ]
2023/11/09 13:57:35 [assets host.css  ]
2023/11/09 13:57:39 [space join  ]
2023/11/09 13:57:39 [space  ]
2023/11/09 13:57:39 [space aaaa  ]
2023/11/09 13:57:39 [space aaaa  ]
2023/11/09 13:57:39 [space aaaa  ]
2023/11/09 13:57:39 [space aaaa  ]
2023/11/09 13:57:39 [space aaaa  ]
2023/11/09 13:57:39 [space aaaa  ]
2023/11/09 13:57:39 [space aaaa  ]
2023/11/09 13:57:39 [space aaaa  ]
2023/11/09 13:57:39 [space aaaa  ]
2023/11/09 13:57:39 [space aaaa  ]
2023/11/09 13:57:39 [space aaaa  ]
2023/11/09 13:57:39 [space aaaa  ]
2023/11/09 13:57:39 [space aaaa  ]
2023/11/09 13:57:39 [space aaaa  ]
2023/11/09 13:57:39 [space aaaa  ]
2023/11/09 13:57:39 [space aaaa  ]
2023/11/09 13:57:39 [space aaaa  ]
2023/11/09 13:57:39 [space aaaa  ]
2023/11/09 13:57:39 [space aaaa  ]
2023/11/09 13:58:06 [space aaaa  ]
2023/11/09 13:58:06 [space aaaa  ]
2023/11/09 13:58:06 [space aaaa  ]
2023/11/09 13:58:06 [space aaaa  ]
2023/11/09 13:58:06 [space aaaa  ]
2023/11/09 13:58:06 [space aaaa  ]
2023/11/09 13:58:06 [space aaaa  ]
2023/11/09 13:58:06 [space aaaa  ]
2023/11/09 13:58:06 [space aaaa  ]
2023/11/09 13:58:06 [space aaaa  ]
2023/11/09 13:58:06 [space aaaa  ]
2023/11/09 13:58:06 [space aaaa  ]
2023/11/09 13:58:06 [space aaaa  ]
2023/11/09 13:58:06 [space aaaa  ]
2023/11/09 13:58:06 [space aaaa  ]
2023/11/09 13:58:06 [space aaaa  ]
2023/11/09 13:58:06 [space aaaa  ]
2023/11/09 13:58:06 [space aaaa  ]
2023/11/09 13:58:06 [space aaaa  ]
2023/11/09 13:58:06 [space aaaa  ]
2023/11/09 13:58:06 [space aaaa  ]
2023/11/09 13:59:27 [space aaaa  ]
2023/11/09 13:59:27 [space aaaa  ]
2023/11/09 13:59:27 [space aaaa  ]
2023/11/09 13:59:27 [space aaaa  ]
2023/11/09 13:59:27 [space aaaa  ]
2023/11/09 13:59:27 [space aaaa  ]
2023/11/09 13:59:27 [space aaaa  ]
2023/11/09 13:59:27 [space aaaa  ]
2023/11/09 13:59:27 [space aaaa  ]
2023/11/09 13:59:27 [space aaaa  ]
2023/11/09 13:59:27 [space aaaa  ]
2023/11/09 13:59:27 [space aaaa  ]
2023/11/09 13:59:27 [space aaaa  ]
2023/11/09 13:59:27 [space aaaa  ]
2023/11/09 13:59:27 [space aaaa  ]
2023/11/09 13:59:27 [space aaaa  ]
2023/11/09 13:59:27 [space aaaa  ]
2023/11/09 13:59:27 [space aaaa  ]
2023/11/09 13:59:27 [space aaaa  ]
2023/11/09 13:59:27 [space aaaa  ]
2023/11/09 13:59:27 [space aaaa  ]
2023/11/09 14:00:59 [space aaaa  ]
2023/11/09 14:00:59 [space aaaa  ]
2023/11/09 14:00:59 [space aaaa  ]
2023/11/09 14:00:59 [space aaaa  ]
2023/11/09 14:00:59 [space aaaa  ]
2023/11/09 14:00:59 [space aaaa  ]
2023/11/09 14:00:59 [space aaaa  ]
2023/11/09 14:00:59 [space aaaa  ]
2023/11/09 14:00:59 [space aaaa  ]
2023/11/09 14:00:59 [space aaaa  ]
2023/11/09 14:00:59 [space aaaa  ]
2023/11/09 14:00:59 [space aaaa  ]
2023/11/09 14:00:59 [space aaaa  ]
2023/11/09 14:00:59 [space aaaa  ]
2023/11/09 14:00:59 [space aaaa  ]
2023/11/09 14:00:59 [space aaaa  ]
2023/11/09 14:00:59 [space aaaa  ]
2023/11/09 14:00:59 [space aaaa  ]
2023/11/09 14:00:59 [space aaaa  ]
2023/11/09 14:00:59 [space aaaa  ]
2023/11/09 14:00:59 [space aaaa  ]
2023/11/09 14:01:37 [space   ]
2023/11/09 14:01:37 [guest   ]
2023/11/09 14:01:37 [assets host.css  ]
2023/11/09 14:01:38 [space aaaa  ]
2023/11/09 14:01:38 [guest aaaa  ]
2023/11/09 14:01:41 [guest1  ]
2023/11/09 14:01:41 [assets error style.css  ]
2023/11/09 14:01:42 [  ]
2023/11/09 14:01:42 [favicon.ico  ]
2023/11/09 14:01:42 [guest  ]
2023/11/09 14:01:42 [assets host.css  ]
2023/11/09 14:01:50 [space join  ]
2023/11/09 14:01:50 [space  ]
2023/11/09 14:01:50 [space 0  ]
2023/11/09 14:01:50 [space 0  ]
2023/11/09 14:01:50 [space 0  ]
2023/11/09 14:01:50 [space 0  ]
2023/11/09 14:01:50 [space 0  ]
2023/11/09 14:01:50 [space 0  ]
2023/11/09 14:01:50 [space 0  ]
2023/11/09 14:01:50 [space 0  ]
2023/11/09 14:01:50 [space 0  ]
2023/11/09 14:01:50 [space 0  ]
2023/11/09 14:01:50 [space 0  ]
2023/11/09 14:01:50 [space 0  ]
2023/11/09 14:01:50 [space 0  ]
2023/11/09 14:01:50 [space 0  ]
2023/11/09 14:01:50 [space 0  ]
2023/11/09 14:01:50 [space 0  ]
2023/11/09 14:01:50 [space 0  ]
2023/11/09 14:01:50 [space 0  ]
2023/11/09 14:01:50 [space 0  ]
2023/11/09 14:02:37 서버를 중지하는 중...
2023/11/09 14:02:39 이전에 저장된 데이터를 불러오는 중...
2023/11/09 14:02:39 users 저장된 데이터 불러오기 성공.
2023/11/09 14:02:39 spaces 저장된 데이터 불러오기 성공.
2023/11/09 14:02:39 80 포트에서 요청을 기다리는 중...
2023/11/09 14:02:39 [space 0  ]
2023/11/09 14:02:39 [space 0  ]
2023/11/09 14:02:39 [space 0  ]
2023/11/09 14:02:39 [space 0  ]
2023/11/09 14:02:39 [space 0  ]
2023/11/09 14:02:39 [space 0  ]
2023/11/09 14:02:39 [space 0  ]
2023/11/09 14:02:39 [space 0  ]
2023/11/09 14:02:39 [space 0  ]
2023/11/09 14:02:39 [space 0  ]
2023/11/09 14:02:39 [space 0  ]
2023/11/09 14:02:39 [space 0  ]
2023/11/09 14:02:39 [space 0  ]
2023/11/09 14:02:39 [space 0  ]
2023/11/09 14:02:39 [space 0  ]
2023/11/09 14:02:39 [space 0  ]
2023/11/09 14:02:39 [space 0  ]
2023/11/09 14:02:39 [space 0  ]
2023/11/09 14:02:39 [space 0  ]
2023/11/09 14:02:39 [space 0  ]
2023/11/09 14:02:39 [space 0  ]
2023/11/09 14:02:42 [space 0  ]
2023/11/09 14:02:42 [space 0  ]
2023/11/09 14:02:42 [space 0  ]
2023/11/09 14:02:42 [space 0  ]
2023/11/09 14:02:42 [space 0  ]
2023/11/09 14:02:42 [space 0  ]
2023/11/09 14:02:42 [space 0  ]
2023/11/09 14:02:42 [space 0  ]
2023/11/09 14:02:42 [space 0  ]
2023/11/09 14:02:42 [space 0  ]
2023/11/09 14:02:42 [space 0  ]
2023/11/09 14:02:42 [space 0  ]
2023/11/09 14:02:42 [space 0  ]
2023/11/09 14:02:42 [space 0  ]
2023/11/09 14:02:42 [space 0  ]
2023/11/09 14:02:42 [space 0  ]
2023/11/09 14:02:42 [space 0  ]
2023/11/09 14:02:42 [space 0  ]
2023/11/09 14:02:42 [space 0  ]
2023/11/09 14:02:42 [space 0  ]
2023/11/09 14:02:42 [space 0  ]
2023/11/09 14:02:44 [  ]
2023/11/09 14:02:44 [favicon.ico  ]
2023/11/09 14:02:45 [guest  ]
2023/11/09 14:02:45 [assets host.css  ]
2023/11/09 14:02:48 [space join  ]
2023/11/09 14:02:48 [space  ]
2023/11/09 14:02:48 [space 222  ]
2023/11/09 14:02:48 [space 222  ]
2023/11/09 14:02:48 [space 222  ]
2023/11/09 14:02:48 [space 222  ]
2023/11/09 14:02:48 [space 222  ]
2023/11/09 14:02:48 [space 222  ]
2023/11/09 14:02:48 [space 222  ]
2023/11/09 14:02:48 [space 222  ]
2023/11/09 14:02:48 [space 222  ]
2023/11/09 14:02:48 [space 222  ]
2023/11/09 14:02:48 [space 222  ]
2023/11/09 14:02:48 [space 222  ]
2023/11/09 14:02:48 [space 222  ]
2023/11/09 14:02:48 [space 222  ]
2023/11/09 14:02:48 [space 222  ]
2023/11/09 14:02:48 [space 222  ]
2023/11/09 14:02:48 [space 222  ]
2023/11/09 14:02:48 [space 222  ]
2023/11/09 14:02:48 [space 222  ]
2023/11/09 14:02:49 
2023/11/09 14:02:49 서버를 중지하는 중...
2023/11/09 14:03:11 이전에 저장된 데이터를 불러오는 중...
2023/11/09 14:03:11 users 저장된 데이터 불러오기 성공.
2023/11/09 14:03:11 spaces 저장된 데이터 불러오기 성공.
2023/11/09 14:03:11 80 포트에서 요청을 기다리는 중...
2023/11/09 14:03:12 [space 222  ]
2023/11/09 14:03:12 [space 222  ]
2023/11/09 14:03:12 [space 222  ]
2023/11/09 14:03:12 [space 222  ]
2023/11/09 14:03:12 [space 222  ]
2023/11/09 14:03:12 [space 222  ]
2023/11/09 14:03:12 [space 222  ]
2023/11/09 14:03:12 [space 222  ]
2023/11/09 14:03:12 [space 222  ]
2023/11/09 14:03:12 [space 222  ]
2023/11/09 14:03:12 [space 222  ]
2023/11/09 14:03:12 [space 222  ]
2023/11/09 14:03:12 [space 222  ]
2023/11/09 14:03:12 [space 222  ]
2023/11/09 14:03:12 [space 222  ]
2023/11/09 14:03:12 [space 222  ]
2023/11/09 14:03:12 [space 222  ]
2023/11/09 14:03:12 [space 222  ]
2023/11/09 14:03:12 [space 222  ]
2023/11/09 14:03:12 [space 222  ]
2023/11/09 14:03:12 [space 222  ]
2023/11/09 14:03:14 [  ]
2023/11/09 14:03:14 [favicon.ico  ]
2023/11/09 14:03:15 [  ]
2023/11/09 14:03:15 [favicon.ico  ]
2023/11/09 14:03:16 [guest  ]
2023/11/09 14:03:16 [assets host.css  ]
2023/11/09 14:03:19 [space join  ]
2023/11/09 14:03:19 [error  ]
2023/11/09 14:03:19 [assets error style.css  ]
2023/11/09 14:03:22 [  ]
2023/11/09 14:03:22 [favicon.ico  ]
2023/11/09 14:03:22 [guest  ]
2023/11/09 14:03:22 [assets host.css  ]
2023/11/09 14:03:24 [space join  ]
2023/11/09 14:03:24 [error  ]
2023/11/09 14:03:24 [assets error style.css  ]
2023/11/09 14:03:25 [  ]
2023/11/09 14:03:25 [favicon.ico  ]
2023/11/09 14:03:25 [guest  ]
2023/11/09 14:03:25 [assets host.css  ]
2023/11/09 14:03:25 [assets error style.css  ]
2023/11/09 14:03:27 [space join  ]
2023/11/09 14:03:27 [error  ]
2023/11/09 14:03:44 [  ]
2023/11/09 14:03:44 [favicon.ico  ]
2023/11/09 14:03:45 [guest  ]
2023/11/09 14:03:45 [assets host.css  ]
2023/11/09 14:03:45 [assets error style.css  ]
2023/11/09 14:03:46 [space join  ]
2023/11/09 14:03:46 [error  ]
2023/11/09 14:03:53 [  ]
2023/11/09 14:03:53 [favicon.ico  ]
2023/11/09 14:03:53 [guest  ]
2023/11/09 14:03:53 [assets host.css  ]
2023/11/09 14:03:53 [assets error style.css  ]
2023/11/09 14:03:54 [space join  ]
2023/11/09 14:03:54 [error  ]
2023/11/09 14:04:05 [  ]
2023/11/09 14:04:05 [favicon.ico  ]
2023/11/09 14:04:06 [guest  ]
2023/11/09 14:04:06 [assets host.css  ]
2023/11/09 14:04:06 [assets error style.css  ]
2023/11/09 14:04:10 [host  ]
2023/11/09 14:04:10 [assets host.css  ]
2023/11/09 14:04:12 [space create  ]
2023/11/09 14:04:12 [space  ]
2023/11/09 14:04:12 [space s256  ]
2023/11/09 14:04:12 [space s256  ]
2023/11/09 14:04:12 [space s256  ]
2023/11/09 14:04:12 [space s256  ]
2023/11/09 14:04:12 [space s256  ]
2023/11/09 14:04:12 [space s256  ]
2023/11/09 14:04:13 [space s256  ]
2023/11/09 14:04:13 [space s256  ]
2023/11/09 14:04:13 [space s256  ]
2023/11/09 14:04:13 [space s256  ]
2023/11/09 14:04:13 [space s256  ]
2023/11/09 14:04:13 [space s256  ]
2023/11/09 14:04:13 [space s256  ]
2023/11/09 14:04:13 [space s256  ]
2023/11/09 14:04:13 [space s256  ]
2023/11/09 14:04:13 [space s256  ]
2023/11/09 14:04:13 [space s256  ]
2023/11/09 14:04:13 [space s256  ]
2023/11/09 14:04:13 [space s256  ]
2023/11/09 14:04:48 [space s256  ]
2023/11/09 14:04:48 [space s256  ]
2023/11/09 14:04:48 [space s256  ]
2023/11/09 14:04:48 [space s256  ]
2023/11/09 14:04:48 [space s256  ]
2023/11/09 14:04:48 [space s256  ]
2023/11/09 14:04:48 [space s256  ]
2023/11/09 14:04:48 [space s256  ]
2023/11/09 14:04:48 [space s256  ]
2023/11/09 14:04:48 [space s256  ]
2023/11/09 14:04:48 [space s256  ]
2023/11/09 14:04:48 [space s256  ]
2023/11/09 14:04:48 [space s256  ]
2023/11/09 14:04:48 [space s256  ]
2023/11/09 14:04:48 [space s256  ]
2023/11/09 14:04:48 [space s256  ]
2023/11/09 14:04:48 [space s256  ]
2023/11/09 14:04:48 [space s256  ]
2023/11/09 14:04:48 [space s256  ]
2023/11/09 14:04:48 [space s256  ]
2023/11/09 14:04:48 [space s256  ]
2023/11/09 14:04:51 서버를 중지하는 중...
2023/11/09 14:05:00 이전에 저장된 데이터를 불러오는 중...
2023/11/09 14:05:00 users 저장된 데이터 불러오기 성공.
2023/11/09 14:05:00 spaces 저장된 데이터 불러오기 성공.
2023/11/09 14:05:00 80 포트에서 요청을 기다리는 중...
2023/11/09 14:05:14 [space s256  ]
2023/11/09 14:05:16 [  ]
2023/11/09 14:05:16 [favicon.ico  ]
2023/11/09 14:05:18 [guest  ]
2023/11/09 14:05:18 [assets host.css  ]
2023/11/09 14:05:19 [space join  ]
2023/11/09 14:05:19 [error  ]
2023/11/09 14:05:19 [assets error style.css  ]
2023/11/09 14:05:20 [  ]
2023/11/09 14:05:20 [favicon.ico  ]
2023/11/09 14:05:22 [space  ]
2023/11/09 14:05:22 [error  ]
2023/11/09 14:05:22 [assets error style.css  ]
2023/11/09 14:05:30 [  ]
2023/11/09 14:05:30 [favicon.ico  ]
2023/11/09 14:05:31 [space  ]
2023/11/09 14:05:31 [error  ]
2023/11/09 14:05:31 [assets error style.css  ]
2023/11/09 14:05:35 [  ]
2023/11/09 14:05:35 [favicon.ico  ]
2023/11/09 14:05:36 [  ]
2023/11/09 14:05:36 [favicon.ico  ]
2023/11/09 14:05:39 [space  ]
2023/11/09 14:05:39 [error  ]
2023/11/09 14:05:39 [assets error style.css  ]
2023/11/09 14:05:42 [space  ]
2023/11/09 14:05:42 [error  ]
2023/11/09 14:05:42 [assets error style.css  ]
2023/11/09 14:05:48 
2023/11/09 14:05:48 서버를 중지하는 중...
2023/11/09 14:06:34 이전에 저장된 데이터를 불러오는 중...
2023/11/09 14:06:34 users 저장된 데이터 불러오기 성공.
2023/11/09 14:06:34 spaces 저장된 데이터 불러오기 성공.
2023/11/09 14:06:34 80 포트에서 요청을 기다리는 중...
2023/11/09 14:06:34 [error  ]
2023/11/09 14:06:34 [assets error style.css  ]
2023/11/09 14:06:35 [error  ]
2023/11/09 14:06:35 [assets error style.css  ]
2023/11/09 14:06:35 [  ]
2023/11/09 14:06:35 [favicon.ico  ]
2023/11/09 14:06:36 [space  ]
2023/11/09 14:06:36 [error  ]
2023/11/09 14:06:36 [assets error style.css  ]
2023/11/09 14:08:36 서버를 중지하는 중...
2023/11/09 14:08:37 이전에 저장된 데이터를 불러오는 중...
2023/11/09 14:08:37 users 저장된 데이터 불러오기 성공.
2023/11/09 14:08:37 spaces 저장된 데이터 불러오기 성공.
2023/11/09 14:08:37 80 포트에서 요청을 기다리는 중...
2023/11/09 14:08:40 [space  ]
2023/11/09 14:08:40 [space s256  ]
2023/11/09 14:08:40 [assets error style.css  ]
2023/11/09 14:08:45 [space s2562  ]
2023/11/09 14:08:45 [error  ]
2023/11/09 14:08:48 [space s256  ]
2023/11/09 14:09:18 
2023/11/09 14:09:18 서버를 중지하는 중...
2023/11/09 14:09:45 이전에 저장된 데이터를 불러오는 중...
2023/11/09 14:09:45 users 저장된 데이터 불러오기 성공.
2023/11/09 14:09:45 spaces 저장된 데이터 불러오기 성공.
2023/11/09 14:09:45 80 포트에서 요청을 기다리는 중...
2023/11/09 14:09:45 [  ]
2023/11/09 14:09:45 [favicon.ico  ]
2023/11/09 14:09:46 [guest  ]
2023/11/09 14:09:46 [assets host.css  ]
2023/11/09 14:09:53 [guest 111  ]
2023/11/09 14:09:53 [assets host.css  ]
2023/11/09 14:09:59 [space join  ]
2023/11/09 14:09:59 [error  ]
2023/11/09 14:09:59 [assets error style.css  ]
2023/11/09 14:10:00 [  ]
2023/11/09 14:10:00 [favicon.ico  ]
2023/11/09 14:10:19 [11  ]
2023/11/09 14:10:19 [assets error style.css  ]
2023/11/09 14:10:20 [  ]
2023/11/09 14:10:20 [favicon.ico  ]
2023/11/09 14:10:25 [  ]
2023/11/09 14:10:27 [11  ]
2023/11/09 14:10:27 [assets error style.css  ]
2023/11/09 14:10:27 [11  ]
2023/11/09 14:10:27 [assets error style.css  ]
2023/11/09 14:10:28 [  ]
2023/11/09 14:10:28 [favicon.ico  ]
2023/11/09 14:10:48 
2023/11/09 14:10:48 서버를 중지하는 중...
2023/11/09 14:11:40 이전에 저장된 데이터를 불러오는 중...
2023/11/09 14:11:40 users 저장된 데이터 불러오기 성공.
2023/11/09 14:11:40 spaces 저장된 데이터 불러오기 성공.
2023/11/09 14:11:40 80 포트에서 요청을 기다리는 중...
2023/11/09 14:11:49 [host  ]
2023/11/09 14:11:49 [assets host.css  ]
2023/11/09 14:11:57 [space create  ]
2023/11/09 14:11:57 [space  ]
2023/11/09 14:11:57 [space r801  ]
2023/11/09 14:12:16 [  ]
2023/11/09 14:12:16 [favicon.ico  ]
2023/11/09 14:12:21 [guest  ]
2023/11/09 14:12:21 [assets host.css  ]
2023/11/09 14:12:29 [space join  ]
2023/11/09 14:12:29 [space  ]
2023/11/09 14:12:29 [space r801  ]
2023/11/09 14:12:42 서버를 중지하는 중...
2023/11/09 14:22:57 이전에 저장된 데이터를 불러오는 중...
2023/11/09 14:22:57 users 저장된 데이터 불러오기 성공.
2023/11/09 14:22:57 spaces 저장된 데이터 불러오기 성공.
2023/11/09 14:22:57 80 포트에서 요청을 기다리는 중...
2023/11/09 14:23:19 서버를 중지하는 중...
2023/11/09 14:23:20 이전에 저장된 데이터를 불러오는 중...
2023/11/09 14:23:20 users 저장된 데이터 불러오기 성공.
2023/11/09 14:23:20 spaces 저장된 데이터 불러오기 성공.
2023/11/09 14:23:20 80 포트에서 요청을 기다리는 중...
2023/11/09 14:23:39 서버를 중지하는 중...
2023/11/09 14:23:41 이전에 저장된 데이터를 불러오는 중...
2023/11/09 14:23:41 users 저장된 데이터 불러오기 성공.
2023/11/09 14:23:41 spaces 저장된 데이터 불러오기 성공.
2023/11/09 14:23:41 80 포트에서 요청을 기다리는 중...
2023/11/09 14:24:07 서버를 중지하는 중...
2023/11/09 14:24:08 이전에 저장된 데이터를 불러오는 중...
2023/11/09 14:24:08 users 저장된 데이터 불러오기 성공.
2023/11/09 14:24:08 spaces 저장된 데이터 불러오기 성공.
2023/11/09 14:24:08 80 포트에서 요청을 기다리는 중...
2023/11/09 14:24:18 서버를 중지하는 중...
2023/11/09 14:24:19 이전에 저장된 데이터를 불러오는 중...
2023/11/09 14:24:19 users 저장된 데이터 불러오기 성공.
2023/11/09 14:24:19 spaces 저장된 데이터 불러오기 성공.
2023/11/09 14:24:19 80 포트에서 요청을 기다리는 중...
2023/11/09 14:24:38 서버를 중지하는 중...
2023/11/09 14:40:47 이전에 저장된 데이터를 불러오는 중...
2023/11/09 14:40:47 users 저장된 데이터 불러오기 성공.
2023/11/09 14:40:47 spaces 저장된 데이터 불러오기 성공.
2023/11/09 14:40:47 80 포트에서 요청을 기다리는 중...
2023/11/09 14:40:50 [space r801  ]
2023/11/09 14:46:52 서버를 중지하는 중...
2023/11/09 14:52:23 이전에 저장된 데이터를 불러오는 중...
2023/11/09 14:52:23 users 저장된 데이터 불러오기 성공.
2023/11/09 14:52:23 spaces 저장된 데이터 불러오기 성공.
2023/11/09 14:52:23 80 포트에서 요청을 기다리는 중...
2023/11/09 14:52:24 [space r801  ]
2023/11/09 14:52:29 [  ]
2023/11/09 14:52:29 [favicon.ico  ]
2023/11/09 14:52:30 [space  ]
2023/11/09 14:52:30 [space r801  ]
2023/11/09 14:53:09 
2023/11/09 14:53:09 서버를 중지하는 중...
2023/11/09 14:53:11 이전에 저장된 데이터를 불러오는 중...
2023/11/09 14:53:11 users 저장된 데이터 불러오기 성공.
2023/11/09 14:53:11 spaces 저장된 데이터 불러오기 성공.
2023/11/09 14:53:11 80 포트에서 요청을 기다리는 중...
2023/11/09 14:53:11 [space r801  ]
2023/11/09 14:53:11 [space r801  ]
2023/11/09 14:53:12 [space r801  ]
2023/11/09 14:53:34 
2023/11/09 14:53:34 서버를 중지하는 중...
2023/11/09 14:53:35 이전에 저장된 데이터를 불러오는 중...
2023/11/09 14:53:35 users 저장된 데이터 불러오기 성공.
2023/11/09 14:53:35 spaces 저장된 데이터 불러오기 성공.
2023/11/09 14:53:35 80 포트에서 요청을 기다리는 중...
2023/11/09 14:53:35 [space r801  ]
2023/11/09 14:53:36 [space r801  ]
2023/11/09 14:53:36 [space r801  ]
2023/11/09 14:53:37 [space r801  ]
2023/11/09 14:53:45 
2023/11/09 14:53:45 서버를 중지하는 중...
2023/11/09 14:53:46 이전에 저장된 데이터를 불러오는 중...
2023/11/09 14:53:46 users 저장된 데이터 불러오기 성공.
2023/11/09 14:53:46 spaces 저장된 데이터 불러오기 성공.
2023/11/09 14:53:46 80 포트에서 요청을 기다리는 중...
2023/11/09 14:53:46 [space r801  ]
2023/11/09 14:53:47 [space r801  ]
2023/11/09 14:53:47 [space r801  ]
2023/11/09 14:53:47 [space r801  ]
2023/11/09 14:54:03 
2023/11/09 14:54:03 서버를 중지하는 중...
2023/11/09 14:54:04 이전에 저장된 데이터를 불러오는 중...
2023/11/09 14:54:04 users 저장된 데이터 불러오기 성공.
2023/11/09 14:54:04 spaces 저장된 데이터 불러오기 성공.
2023/11/09 14:54:04 80 포트에서 요청을 기다리는 중...
2023/11/09 14:54:04 [space r801  ]
2023/11/09 14:54:05 [space r801  ]
2023/11/09 14:54:05 [space r801  ]
2023/11/09 14:54:06 [space r801  ]
2023/11/09 14:54:07 [space r801  ]
2023/11/09 14:54:10 [space r801  ]
2023/11/09 14:54:47 
2023/11/09 14:54:47 서버를 중지하는 중...
2023/11/09 14:54:48 이전에 저장된 데이터를 불러오는 중...
2023/11/09 14:54:48 users 저장된 데이터 불러오기 성공.
2023/11/09 14:54:48 spaces 저장된 데이터 불러오기 성공.
2023/11/09 14:54:48 80 포트에서 요청을 기다리는 중...
2023/11/09 14:54:48 [space r801  ]
2023/11/09 14:54:49 [space r801  ]
2023/11/09 14:54:49 [space r801  ]
2023/11/09 14:54:49 [space r801  ]
2023/11/09 14:54:50 [space r801  ]
2023/11/09 14:54:52 
2023/11/09 14:54:52 서버를 중지하는 중...
2023/11/09 14:55:15 이전에 저장된 데이터를 불러오는 중...
2023/11/09 14:55:15 users 저장된 데이터 불러오기 성공.
2023/11/09 14:55:15 spaces 저장된 데이터 불러오기 성공.
2023/11/09 14:55:15 80 포트에서 요청을 기다리는 중...
2023/11/09 14:55:15 [space r801  ]
2023/11/09 14:55:18 [space r801  ]
2023/11/09 14:55:23 [space content  ]
2023/11/09 14:55:32 [space json  ]
2023/11/09 14:55:51 [space json  ]
2023/11/09 14:55:53 [space json  ]
2023/11/09 14:55:53 [space   ]
2023/11/09 14:55:53 [space r801  ]
2023/11/09 14:55:55 [space content  ]
2023/11/09 14:55:56 [space cone  ]
2023/11/09 14:55:58 [space content  ]
2023/11/09 14:57:00 
2023/11/09 14:57:00 서버를 중지하는 중...
2023/11/09 14:57:01 이전에 저장된 데이터를 불러오는 중...
2023/11/09 14:57:01 users 저장된 데이터 불러오기 성공.
2023/11/09 14:57:01 spaces 저장된 데이터 불러오기 성공.
2023/11/09 14:57:01 80 포트에서 요청을 기다리는 중...
2023/11/09 14:57:03 [space json  ]
2023/11/09 14:57:03 [error  ]
2023/11/09 14:57:03 [assets error style.css  ]
2023/11/09 14:57:54 [  ]
2023/11/09 14:57:54 [favicon.ico  ]
2023/11/09 14:57:54 [space  ]
2023/11/09 14:57:54 [space r801  ]
2023/11/09 14:58:01 [space json  ]
2023/11/09 14:58:01 [error  ]
2023/11/09 14:58:01 [assets error style.css  ]
2023/11/09 15:01:11 
2023/11/09 15:01:11 서버를 중지하는 중...
2023/11/09 15:01:20 이전에 저장된 데이터를 불러오는 중...
2023/11/09 15:01:20 users 저장된 데이터 불러오기 성공.
2023/11/09 15:01:20 spaces 저장된 데이터 불러오기 성공.
2023/11/09 15:01:20 80 포트에서 요청을 기다리는 중...
2023/11/09 15:01:21 [error  ]
2023/11/09 15:01:21 [assets error style.css  ]
2023/11/09 15:01:21 [error  ]
2023/11/09 15:01:21 [assets error style.css  ]
2023/11/09 15:01:22 [error  ]
2023/11/09 15:01:22 [assets error style.css  ]
2023/11/09 15:01:26 [space  ]
2023/11/09 15:01:26 [space r801  ]
2023/11/09 15:01:30 [space json  ]
2023/11/09 15:03:42 이전에 저장된 데이터를 불러오는 중...
2023/11/09 15:03:42 users 저장된 데이터 불러오기 성공.
2023/11/09 15:03:42 spaces 저장된 데이터 불러오기 성공.
2023/11/09 15:03:42 80 포트에서 요청을 기다리는 중...
2023/11/09 15:03:45 [space r801  ]
2023/11/09 15:03:46 [space r801  ]
2023/11/09 15:03:49 [space content  ]
2023/11/09 15:03:49 [error  ]
2023/11/09 15:03:49 [assets error style.css  ]
2023/11/09 15:04:08 
2023/11/09 15:04:08 서버를 중지하는 중...
2023/11/09 15:04:09 이전에 저장된 데이터를 불러오는 중...
2023/11/09 15:04:09 users 저장된 데이터 불러오기 성공.
2023/11/09 15:04:09 spaces 저장된 데이터 불러오기 성공.
2023/11/09 15:04:09 80 포트에서 요청을 기다리는 중...
2023/11/09 15:04:10 [  ]
2023/11/09 15:04:10 [favicon.ico  ]
2023/11/09 15:04:11 [space  ]
2023/11/09 15:04:11 [space r801  ]
2023/11/09 15:04:14 [space r801  ]
2023/11/09 15:04:18 [space r8011  ]
2023/11/09 15:04:18 [space assets error style.css  ]
2023/11/09 15:04:34 [space r8011  ]
2023/11/09 15:04:34 [assets error style.css  ]
2023/11/09 15:04:40 [space r801  ]
2023/11/09 15:04:41 [space r8011  ]
2023/11/09 15:04:41 [assets error style.css  ]
2023/11/09 15:04:47 [space r80122  ]
2023/11/09 15:04:47 [assets error style.css  ]
2023/11/09 15:05:20 
2023/11/09 15:05:20 서버를 중지하는 중...
2023/11/09 15:05:21 이전에 저장된 데이터를 불러오는 중...
2023/11/09 15:05:21 users 저장된 데이터 불러오기 성공.
2023/11/09 15:05:21 spaces 저장된 데이터 불러오기 성공.
2023/11/09 15:05:21 80 포트에서 요청을 기다리는 중...
2023/11/09 15:05:21 [space r80122  ]
2023/11/09 15:05:21 [guestr80122  ]
2023/11/09 15:05:21 [assets error style.css  ]
2023/11/09 15:05:25 
2023/11/09 15:05:25 서버를 중지하는 중...
2023/11/09 15:05:26 이전에 저장된 데이터를 불러오는 중...
2023/11/09 15:05:26 users 저장된 데이터 불러오기 성공.
2023/11/09 15:05:26 spaces 저장된 데이터 불러오기 성공.
2023/11/09 15:05:26 80 포트에서 요청을 기다리는 중...
2023/11/09 15:05:28 [  ]
2023/11/09 15:05:28 [favicon.ico  ]
2023/11/09 15:05:29 [space  ]
2023/11/09 15:05:29 [space r801  ]
2023/11/09 15:05:31 [space r80122  ]
2023/11/09 15:05:31 [guest r80122  ]
2023/11/09 15:05:31 [assets host.css  ]
2023/11/09 15:06:30 
2023/11/09 15:06:30 서버를 중지하는 중...
2023/11/09 15:06:32 이전에 저장된 데이터를 불러오는 중...
2023/11/09 15:06:32 users 저장된 데이터 불러오기 성공.
2023/11/09 15:06:32 spaces 저장된 데이터 불러오기 성공.
2023/11/09 15:06:32 80 포트에서 요청을 기다리는 중...
2023/11/09 15:06:43 이전에 저장된 데이터를 불러오는 중...
2023/11/09 15:06:43 users 저장된 데이터 불러오기 성공.
2023/11/09 15:06:43 spaces 저장된 데이터 불러오기 성공.
2023/11/09 15:06:43 80 포트에서 요청을 기다리는 중...
2023/11/09 15:06:51 이전에 저장된 데이터를 불러오는 중...
2023/11/09 15:06:51 users 저장된 데이터 불러오기 성공.
2023/11/09 15:06:51 spaces 저장된 데이터 불러오기 성공.
2023/11/09 15:06:51 80 포트에서 요청을 기다리는 중...
2023/11/09 15:06:59 
2023/11/09 15:06:59 서버를 중지하는 중...
2023/11/09 15:08:33 이전에 저장된 데이터를 불러오는 중...
2023/11/09 15:08:33 users 저장된 데이터 불러오기 성공.
2023/11/09 15:08:33 spaces 저장된 데이터 불러오기 성공.
2023/11/09 15:08:33 80 포트에서 요청을 기다리는 중...
2023/11/09 15:08:34 
2023/11/09 15:08:34 서버를 중지하는 중...
2023/11/09 15:08:35 이전에 저장된 데이터를 불러오는 중...
2023/11/09 15:08:35 users 저장된 데이터 불러오기 성공.
2023/11/09 15:08:35 spaces 저장된 데이터 불러오기 성공.
2023/11/09 15:08:35 80 포트에서 요청을 기다리는 중...
2023/11/09 15:08:36 
2023/11/09 15:08:36 서버를 중지하는 중...
2023/11/09 15:08:41 이전에 저장된 데이터를 불러오는 중...
2023/11/09 15:08:41 users 저장된 데이터 불러오기 성공.
2023/11/09 15:08:41 spaces 저장된 데이터 불러오기 성공.
2023/11/09 15:08:41 80 포트에서 요청을 기다리는 중...
2023/11/09 15:08:46 
2023/11/09 15:08:46 서버를 중지하는 중...
2023/11/09 15:09:01 이전에 저장된 데이터를 불러오는 중...
2023/11/09 15:09:01 users 저장된 데이터 불러오기 성공.
2023/11/09 15:09:01 spaces 저장된 데이터 불러오기 성공.
2023/11/09 15:09:01 80 포트에서 요청을 기다리는 중...
2023/11/09 15:09:11 서버를 중지하는 중...
2023/11/09 15:09:12 이전에 저장된 데이터를 불러오는 중...
2023/11/09 15:09:12 users 저장된 데이터 불러오기 성공.
2023/11/09 15:09:12 spaces 저장된 데이터 불러오기 성공.
2023/11/09 15:09:12 80 포트에서 요청을 기다리는 중...
2023/11/09 15:09:17 
2023/11/09 15:09:17 서버를 중지하는 중...
2023/11/09 15:09:27 이전에 저장된 데이터를 불러오는 중...
2023/11/09 15:09:27 users 저장된 데이터 불러오기 성공.
2023/11/09 15:09:27 spaces 저장된 데이터 불러오기 성공.
2023/11/09 15:09:27 80 포트에서 요청을 기다리는 중...
2023/11/09 15:09:28 
2023/11/09 15:09:28 서버를 중지하는 중...
2023/11/09 15:09:29 이전에 저장된 데이터를 불러오는 중...
2023/11/09 15:09:29 users 저장된 데이터 불러오기 성공.
2023/11/09 15:09:29 spaces 저장된 데이터 불러오기 성공.
2023/11/09 15:09:29 80 포트에서 요청을 기다리는 중...
2023/11/09 15:10:45 서버를 중지하는 중...
